[2013-12-13 19:48:47] production.ERROR: exception 'Symfony\Component\Debug\Exception\FatalErrorException' with message 'syntax error, unexpected '$table' (T_VARIABLE)' in /srv/http/alintilar/app/database/migrations/2013_12_13_180355_create_quotes.php:54
Stack trace:
#0 [internal function]: Illuminate\Exception\Handler->handleShutdown()
#1 {main} [] []
[2013-12-13 19:49:08] production.ERROR: exception 'Illuminate\Database\QueryException' with message 'SQLSTATE[42S02]: Base table or view not found: 1146 Table 'alintilar.quotes' doesn't exist (SQL: alter table `quotes` add `id` int unsigned not null auto_increment primary key, add `quote` text not null, add `page` int null, add `person_id` int not null, add `product_id` int not null, add `created_at` timestamp default 0 not null, add `updated_at` timestamp default 0 not null)' in /srv/http/alintilar/vendor/laravel/framework/src/Illuminate/Database/Connection.php:539
Stack trace:
#0 /srv/http/alintilar/vendor/laravel/framework/src/Illuminate/Database/Connection.php(338): Illuminate\Database\Connection->run('alter table `qu...', Array, Object(Closure))
#1 /srv/http/alintilar/vendor/laravel/framework/src/Illuminate/Database/Schema/Blueprint.php(63): Illuminate\Database\Connection->statement('alter table `qu...')
#2 /srv/http/alintilar/vendor/laravel/framework/src/Illuminate/Database/Schema/Builder.php(162): Illuminate\Database\Schema\Blueprint->build(Object(Illuminate\Database\MySqlConnection), Object(Illuminate\Database\Schema\Grammars\MySqlGrammar))
#3 /srv/http/alintilar/vendor/laravel/framework/src/Illuminate/Database/Schema/Builder.php(87): Illuminate\Database\Schema\Builder->build(Object(Illuminate\Database\Schema\Blueprint))
#4 /srv/http/alintilar/vendor/laravel/framework/src/Illuminate/Support/Facades/Facade.php(211): Illuminate\Database\Schema\Builder->table('quotes', Object(Closure))
#5 /srv/http/alintilar/app/database/migrations/2013_12_13_180355_create_quotes.php(26): Illuminate\Support\Facades\Facade::__callStatic('table', Array)
#6 /srv/http/alintilar/app/database/migrations/2013_12_13_180355_create_quotes.php(26): Illuminate\Support\Facades\Schema::table('quotes', Object(Closure))
#7 /srv/http/alintilar/vendor/laravel/framework/src/Illuminate/Database/Migrations/Migrator.php(133): CreateQuotes->up()
#8 /srv/http/alintilar/vendor/laravel/framework/src/Illuminate/Database/Migrations/Migrator.php(109): Illuminate\Database\Migrations\Migrator->runUp('2013_12_13_1803...', 1, false)
#9 /srv/http/alintilar/vendor/laravel/framework/src/Illuminate/Database/Migrations/Migrator.php(80): Illuminate\Database\Migrations\Migrator->runMigrationList(Array, false)
#10 /srv/http/alintilar/vendor/laravel/framework/src/Illuminate/Database/Console/Migrations/MigrateCommand.php(65): Illuminate\Database\Migrations\Migrator->run('/srv/http/alint...', false)
#11 /srv/http/alintilar/vendor/laravel/framework/src/Illuminate/Console/Command.php(108): Illuminate\Database\Console\Migrations\MigrateCommand->fire()
#12 /srv/http/alintilar/vendor/symfony/console/Symfony/Component/Console/Command/Command.php(241): Illuminate\Console\Command->execute(Object(Symfony\Component\Console\Input\ArgvInput), Object(Symfony\Component\Console\Output\ConsoleOutput))
#13 /srv/http/alintilar/vendor/laravel/framework/src/Illuminate/Console/Command.php(96): Symfony\Component\Console\Command\Command->run(Object(Symfony\Component\Console\Input\ArgvInput), Object(Symfony\Component\Console\Output\ConsoleOutput))
#14 /srv/http/alintilar/vendor/symfony/console/Symfony/Component/Console/Application.php(881): Illuminate\Console\Command->run(Object(Symfony\Component\Console\Input\ArgvInput), Object(Symfony\Component\Console\Output\ConsoleOutput))
#15 /srv/http/alintilar/vendor/symfony/console/Symfony/Component/Console/Application.php(191): Symfony\Component\Console\Application->doRunCommand(Object(Illuminate\Database\Console\Migrations\MigrateCommand), Object(Symfony\Component\Console\Input\ArgvInput), Object(Symfony\Component\Console\Output\ConsoleOutput))
#16 /srv/http/alintilar/vendor/symfony/console/Symfony/Component/Console/Application.php(121): Symfony\Component\Console\Application->doRun(Object(Symfony\Component\Console\Input\ArgvInput), Object(Symfony\Component\Console\Output\ConsoleOutput))
#17 /srv/http/alintilar/artisan(59): Symfony\Component\Console\Application->run()
#18 {main} [] []
[2013-12-13 20:26:04] production.ERROR: exception 'Symfony\Component\Debug\Exception\FatalErrorException' with message 'Class 'Elequent' not found' in /srv/http/alintilar/app/models/Person.php:3
Stack trace:
#0 [internal function]: Illuminate\Exception\Handler->handleShutdown()
#1 {main} [] []
[2013-12-13 20:26:34] production.ERROR: exception 'Illuminate\Database\QueryException' with message 'SQLSTATE[42S02]: Base table or view not found: 1146 Table 'alintilar.people' doesn't exist (SQL: insert into `people` (`name`) values (İbrahim Tatlıses))' in /srv/http/alintilar/vendor/laravel/framework/src/Illuminate/Database/Connection.php:539
Stack trace:
#0 /srv/http/alintilar/vendor/laravel/framework/src/Illuminate/Database/Connection.php(338): Illuminate\Database\Connection->run('insert into `pe...', Array, Object(Closure))
#1 /srv/http/alintilar/vendor/laravel/framework/src/Illuminate/Database/Connection.php(295): Illuminate\Database\Connection->statement('insert into `pe...', Array)
#2 /srv/http/alintilar/vendor/laravel/framework/src/Illuminate/Database/Query/Processors/Processor.php(30): Illuminate\Database\Connection->insert('insert into `pe...', Array)
#3 /srv/http/alintilar/vendor/laravel/framework/src/Illuminate/Database/Query/Builder.php(1624): Illuminate\Database\Query\Processors\Processor->processInsertGetId(Object(Illuminate\Database\Query\Builder), 'insert into `pe...', Array, 'id')
#4 [internal function]: Illuminate\Database\Query\Builder->insertGetId(Array, 'id')
#5 /srv/http/alintilar/vendor/laravel/framework/src/Illuminate/Database/Eloquent/Builder.php(872): call_user_func_array(Array, Array)
#6 /srv/http/alintilar/vendor/laravel/framework/src/Illuminate/Database/Eloquent/Model.php(1406): Illuminate\Database\Eloquent\Builder->__call('insertGetId', Array)
#7 /srv/http/alintilar/vendor/laravel/framework/src/Illuminate/Database/Eloquent/Model.php(1406): Illuminate\Database\Eloquent\Builder->insertGetId(Array, 'id')
#8 /srv/http/alintilar/vendor/laravel/framework/src/Illuminate/Database/Eloquent/Model.php(1376): Illuminate\Database\Eloquent\Model->insertAndSetId(Object(Illuminate\Database\Eloquent\Builder), Array)
#9 /srv/http/alintilar/vendor/laravel/framework/src/Illuminate/Database/Eloquent/Model.php(1287): Illuminate\Database\Eloquent\Model->performInsert(Object(Illuminate\Database\Eloquent\Builder))
#10 /srv/http/alintilar/app/routes.php(18): Illuminate\Database\Eloquent\Model->save()
#11 [internal function]: {closure}()
#12 /srv/http/alintilar/vendor/laravel/framework/src/Illuminate/Routing/Route.php(118): call_user_func_array(Object(Closure), Array)
#13 /srv/http/alintilar/vendor/laravel/framework/src/Illuminate/Routing/Router.php(964): Illuminate\Routing\Route->run(Object(Illuminate\Http\Request))
#14 /srv/http/alintilar/vendor/laravel/framework/src/Illuminate/Routing/Router.php(934): Illuminate\Routing\Router->dispatchToRoute(Object(Illuminate\Http\Request))
#15 /srv/http/alintilar/vendor/laravel/framework/src/Illuminate/Foundation/Application.php(677): Illuminate\Routing\Router->dispatch(Object(Illuminate\Http\Request))
#16 /srv/http/alintilar/vendor/laravel/framework/src/Illuminate/Foundation/Application.php(652): Illuminate\Foundation\Application->dispatch(Object(Illuminate\Http\Request))
#17 /srv/http/alintilar/vendor/laravel/framework/src/Illuminate/Http/FrameGuard.php(38): Illuminate\Foundation\Application->handle(Object(Illuminate\Http\Request), 1, true)
#18 /srv/http/alintilar/vendor/laravel/framework/src/Illuminate/Session/Middleware.php(58): Illuminate\Http\FrameGuard->handle(Object(Illuminate\Http\Request), 1, true)
#19 /srv/http/alintilar/vendor/laravel/framework/src/Illuminate/Cookie/Queue.php(47): Illuminate\Session\Middleware->handle(Object(Illuminate\Http\Request), 1, true)
#20 /srv/http/alintilar/vendor/laravel/framework/src/Illuminate/Cookie/Guard.php(51): Illuminate\Cookie\Queue->handle(Object(Illuminate\Http\Request), 1, true)
#21 /srv/http/alintilar/vendor/stack/builder/src/Stack/StackedHttpKernel.php(23): Illuminate\Cookie\Guard->handle(Object(Illuminate\Http\Request), 1, true)
#22 /srv/http/alintilar/vendor/laravel/framework/src/Illuminate/Foundation/Application.php(552): Stack\StackedHttpKernel->handle(Object(Illuminate\Http\Request))
#23 /srv/http/alintilar/public/index.php(49): Illuminate\Foundation\Application->run()
#24 {main} [] []
[2013-12-13 20:28:28] production.ERROR: exception 'Illuminate\Database\QueryException' with message 'SQLSTATE[42S02]: Base table or view not found: 1146 Table 'alintilar.people' doesn't exist (SQL: insert into `people` (`name`) values (İbrahim Tatlıses))' in /srv/http/alintilar/vendor/laravel/framework/src/Illuminate/Database/Connection.php:539
Stack trace:
#0 /srv/http/alintilar/vendor/laravel/framework/src/Illuminate/Database/Connection.php(338): Illuminate\Database\Connection->run('insert into `pe...', Array, Object(Closure))
#1 /srv/http/alintilar/vendor/laravel/framework/src/Illuminate/Database/Connection.php(295): Illuminate\Database\Connection->statement('insert into `pe...', Array)
#2 /srv/http/alintilar/vendor/laravel/framework/src/Illuminate/Database/Query/Processors/Processor.php(30): Illuminate\Database\Connection->insert('insert into `pe...', Array)
#3 /srv/http/alintilar/vendor/laravel/framework/src/Illuminate/Database/Query/Builder.php(1624): Illuminate\Database\Query\Processors\Processor->processInsertGetId(Object(Illuminate\Database\Query\Builder), 'insert into `pe...', Array, 'id')
#4 [internal function]: Illuminate\Database\Query\Builder->insertGetId(Array, 'id')
#5 /srv/http/alintilar/vendor/laravel/framework/src/Illuminate/Database/Eloquent/Builder.php(872): call_user_func_array(Array, Array)
#6 /srv/http/alintilar/vendor/laravel/framework/src/Illuminate/Database/Eloquent/Model.php(1406): Illuminate\Database\Eloquent\Builder->__call('insertGetId', Array)
#7 /srv/http/alintilar/vendor/laravel/framework/src/Illuminate/Database/Eloquent/Model.php(1406): Illuminate\Database\Eloquent\Builder->insertGetId(Array, 'id')
#8 /srv/http/alintilar/vendor/laravel/framework/src/Illuminate/Database/Eloquent/Model.php(1376): Illuminate\Database\Eloquent\Model->insertAndSetId(Object(Illuminate\Database\Eloquent\Builder), Array)
#9 /srv/http/alintilar/vendor/laravel/framework/src/Illuminate/Database/Eloquent/Model.php(1287): Illuminate\Database\Eloquent\Model->performInsert(Object(Illuminate\Database\Eloquent\Builder))
#10 /srv/http/alintilar/app/routes.php(18): Illuminate\Database\Eloquent\Model->save()
#11 [internal function]: {closure}()
#12 /srv/http/alintilar/vendor/laravel/framework/src/Illuminate/Routing/Route.php(118): call_user_func_array(Object(Closure), Array)
#13 /srv/http/alintilar/vendor/laravel/framework/src/Illuminate/Routing/Router.php(964): Illuminate\Routing\Route->run(Object(Illuminate\Http\Request))
#14 /srv/http/alintilar/vendor/laravel/framework/src/Illuminate/Routing/Router.php(934): Illuminate\Routing\Router->dispatchToRoute(Object(Illuminate\Http\Request))
#15 /srv/http/alintilar/vendor/laravel/framework/src/Illuminate/Foundation/Application.php(677): Illuminate\Routing\Router->dispatch(Object(Illuminate\Http\Request))
#16 /srv/http/alintilar/vendor/laravel/framework/src/Illuminate/Foundation/Application.php(652): Illuminate\Foundation\Application->dispatch(Object(Illuminate\Http\Request))
#17 /srv/http/alintilar/vendor/laravel/framework/src/Illuminate/Http/FrameGuard.php(38): Illuminate\Foundation\Application->handle(Object(Illuminate\Http\Request), 1, true)
#18 /srv/http/alintilar/vendor/laravel/framework/src/Illuminate/Session/Middleware.php(58): Illuminate\Http\FrameGuard->handle(Object(Illuminate\Http\Request), 1, true)
#19 /srv/http/alintilar/vendor/laravel/framework/src/Illuminate/Cookie/Queue.php(47): Illuminate\Session\Middleware->handle(Object(Illuminate\Http\Request), 1, true)
#20 /srv/http/alintilar/vendor/laravel/framework/src/Illuminate/Cookie/Guard.php(51): Illuminate\Cookie\Queue->handle(Object(Illuminate\Http\Request), 1, true)
#21 /srv/http/alintilar/vendor/stack/builder/src/Stack/StackedHttpKernel.php(23): Illuminate\Cookie\Guard->handle(Object(Illuminate\Http\Request), 1, true)
#22 /srv/http/alintilar/vendor/laravel/framework/src/Illuminate/Foundation/Application.php(552): Stack\StackedHttpKernel->handle(Object(Illuminate\Http\Request))
#23 /srv/http/alintilar/public/index.php(49): Illuminate\Foundation\Application->run()
#24 {main} [] []
[2013-12-13 20:30:37] production.ERROR: exception 'RuntimeException' with message 'Too many arguments.' in /srv/http/alintilar/vendor/symfony/console/Symfony/Component/Console/Input/ArgvInput.php:181
Stack trace:
#0 /srv/http/alintilar/vendor/symfony/console/Symfony/Component/Console/Input/ArgvInput.php(90): Symfony\Component\Console\Input\ArgvInput->parseArgument('make')
#1 /srv/http/alintilar/vendor/symfony/console/Symfony/Component/Console/Input/Input.php(61): Symfony\Component\Console\Input\ArgvInput->parse()
#2 /srv/http/alintilar/vendor/symfony/console/Symfony/Component/Console/Command/Command.php(223): Symfony\Component\Console\Input\Input->bind(Object(Symfony\Component\Console\Input\InputDefinition))
#3 /srv/http/alintilar/vendor/laravel/framework/src/Illuminate/Console/Command.php(96): Symfony\Component\Console\Command\Command->run(Object(Symfony\Component\Console\Input\ArgvInput), Object(Symfony\Component\Console\Output\ConsoleOutput))
#4 /srv/http/alintilar/vendor/symfony/console/Symfony/Component/Console/Application.php(881): Illuminate\Console\Command->run(Object(Symfony\Component\Console\Input\ArgvInput), Object(Symfony\Component\Console\Output\ConsoleOutput))
#5 /srv/http/alintilar/vendor/symfony/console/Symfony/Component/Console/Application.php(191): Symfony\Component\Console\Application->doRunCommand(Object(Illuminate\Database\Console\Migrations\MigrateCommand), Object(Symfony\Component\Console\Input\ArgvInput), Object(Symfony\Component\Console\Output\ConsoleOutput))
#6 /srv/http/alintilar/vendor/symfony/console/Symfony/Component/Console/Application.php(121): Symfony\Component\Console\Application->doRun(Object(Symfony\Component\Console\Input\ArgvInput), Object(Symfony\Component\Console\Output\ConsoleOutput))
#7 /srv/http/alintilar/artisan(59): Symfony\Component\Console\Application->run()
#8 {main} [] []
[2013-12-13 20:33:07] production.ERROR: exception 'ErrorException' with message 'Argument 1 passed to PersonsToPeopleName::{closure}() must be an instance of Blueprint, instance of Illuminate\Database\Schema\Blueprint given, called in /srv/http/alintilar/vendor/laravel/framework/src/Illuminate/Database/Schema/Builder.php on line 103 and defined' in /srv/http/alintilar/app/database/migrations/2013_12_13_203048_persons_to_people_name.php:16
Stack trace:
#0 /srv/http/alintilar/app/database/migrations/2013_12_13_203048_persons_to_people_name.php(16): Illuminate\Exception\Handler->handleError(4096, 'Argument 1 pass...', '/srv/http/alint...', 16, Array)
#1 /srv/http/alintilar/vendor/laravel/framework/src/Illuminate/Database/Schema/Builder.php(103): PersonsToPeopleName->{closure}(Object(Illuminate\Database\Schema\Blueprint))
#2 /srv/http/alintilar/vendor/laravel/framework/src/Illuminate/Support/Facades/Facade.php(211): Illuminate\Database\Schema\Builder->create('people', Object(Closure))
#3 /srv/http/alintilar/app/database/migrations/2013_12_13_203048_persons_to_people_name.php(24): Illuminate\Support\Facades\Facade::__callStatic('create', Array)
#4 /srv/http/alintilar/app/database/migrations/2013_12_13_203048_persons_to_people_name.php(24): Illuminate\Support\Facades\Schema::create('people', Object(Closure))
#5 /srv/http/alintilar/vendor/laravel/framework/src/Illuminate/Database/Migrations/Migrator.php(133): PersonsToPeopleName->up()
#6 /srv/http/alintilar/vendor/laravel/framework/src/Illuminate/Database/Migrations/Migrator.php(109): Illuminate\Database\Migrations\Migrator->runUp('2013_12_13_2030...', 2, false)
#7 /srv/http/alintilar/vendor/laravel/framework/src/Illuminate/Database/Migrations/Migrator.php(80): Illuminate\Database\Migrations\Migrator->runMigrationList(Array, false)
#8 /srv/http/alintilar/vendor/laravel/framework/src/Illuminate/Database/Console/Migrations/MigrateCommand.php(65): Illuminate\Database\Migrations\Migrator->run('/srv/http/alint...', false)
#9 /srv/http/alintilar/vendor/laravel/framework/src/Illuminate/Console/Command.php(108): Illuminate\Database\Console\Migrations\MigrateCommand->fire()
#10 /srv/http/alintilar/vendor/symfony/console/Symfony/Component/Console/Command/Command.php(241): Illuminate\Console\Command->execute(Object(Symfony\Component\Console\Input\ArgvInput), Object(Symfony\Component\Console\Output\ConsoleOutput))
#11 /srv/http/alintilar/vendor/laravel/framework/src/Illuminate/Console/Command.php(96): Symfony\Component\Console\Command\Command->run(Object(Symfony\Component\Console\Input\ArgvInput), Object(Symfony\Component\Console\Output\ConsoleOutput))
#12 /srv/http/alintilar/vendor/symfony/console/Symfony/Component/Console/Application.php(881): Illuminate\Console\Command->run(Object(Symfony\Component\Console\Input\ArgvInput), Object(Symfony\Component\Console\Output\ConsoleOutput))
#13 /srv/http/alintilar/vendor/symfony/console/Symfony/Component/Console/Application.php(191): Symfony\Component\Console\Application->doRunCommand(Object(Illuminate\Database\Console\Migrations\MigrateCommand), Object(Symfony\Component\Console\Input\ArgvInput), Object(Symfony\Component\Console\Output\ConsoleOutput))
#14 /srv/http/alintilar/vendor/symfony/console/Symfony/Component/Console/Application.php(121): Symfony\Component\Console\Application->doRun(Object(Symfony\Component\Console\Input\ArgvInput), Object(Symfony\Component\Console\Output\ConsoleOutput))
#15 /srv/http/alintilar/artisan(59): Symfony\Component\Console\Application->run()
#16 {main} [] []
[2013-12-13 20:33:48] production.ERROR: exception 'Illuminate\Database\QueryException' with message 'SQLSTATE[42S02]: Base table or view not found: 1051 Unknown table 'persons' (SQL: drop table `persons`)' in /srv/http/alintilar/vendor/laravel/framework/src/Illuminate/Database/Connection.php:539
Stack trace:
#0 /srv/http/alintilar/vendor/laravel/framework/src/Illuminate/Database/Connection.php(338): Illuminate\Database\Connection->run('drop table `per...', Array, Object(Closure))
#1 /srv/http/alintilar/vendor/laravel/framework/src/Illuminate/Database/Schema/Blueprint.php(63): Illuminate\Database\Connection->statement('drop table `per...')
#2 /srv/http/alintilar/vendor/laravel/framework/src/Illuminate/Database/Schema/Builder.php(162): Illuminate\Database\Schema\Blueprint->build(Object(Illuminate\Database\MySqlConnection), Object(Illuminate\Database\Schema\Grammars\MySqlGrammar))
#3 /srv/http/alintilar/vendor/laravel/framework/src/Illuminate/Database/Schema/Builder.php(120): Illuminate\Database\Schema\Builder->build(Object(Illuminate\Database\Schema\Blueprint))
#4 /srv/http/alintilar/vendor/laravel/framework/src/Illuminate/Support/Facades/Facade.php(208): Illuminate\Database\Schema\Builder->drop('persons')
#5 /srv/http/alintilar/app/database/migrations/2013_12_13_203048_persons_to_people_name.php(15): Illuminate\Support\Facades\Facade::__callStatic('drop', Array)
#6 /srv/http/alintilar/app/database/migrations/2013_12_13_203048_persons_to_people_name.php(15): Illuminate\Support\Facades\Schema::drop('persons')
#7 /srv/http/alintilar/vendor/laravel/framework/src/Illuminate/Database/Migrations/Migrator.php(133): PersonsToPeopleName->up()
#8 /srv/http/alintilar/vendor/laravel/framework/src/Illuminate/Database/Migrations/Migrator.php(109): Illuminate\Database\Migrations\Migrator->runUp('2013_12_13_2030...', 2, false)
#9 /srv/http/alintilar/vendor/laravel/framework/src/Illuminate/Database/Migrations/Migrator.php(80): Illuminate\Database\Migrations\Migrator->runMigrationList(Array, false)
#10 /srv/http/alintilar/vendor/laravel/framework/src/Illuminate/Database/Console/Migrations/MigrateCommand.php(65): Illuminate\Database\Migrations\Migrator->run('/srv/http/alint...', false)
#11 /srv/http/alintilar/vendor/laravel/framework/src/Illuminate/Console/Command.php(108): Illuminate\Database\Console\Migrations\MigrateCommand->fire()
#12 /srv/http/alintilar/vendor/symfony/console/Symfony/Component/Console/Command/Command.php(241): Illuminate\Console\Command->execute(Object(Symfony\Component\Console\Input\ArgvInput), Object(Symfony\Component\Console\Output\ConsoleOutput))
#13 /srv/http/alintilar/vendor/laravel/framework/src/Illuminate/Console/Command.php(96): Symfony\Component\Console\Command\Command->run(Object(Symfony\Component\Console\Input\ArgvInput), Object(Symfony\Component\Console\Output\ConsoleOutput))
#14 /srv/http/alintilar/vendor/symfony/console/Symfony/Component/Console/Application.php(881): Illuminate\Console\Command->run(Object(Symfony\Component\Console\Input\ArgvInput), Object(Symfony\Component\Console\Output\ConsoleOutput))
#15 /srv/http/alintilar/vendor/symfony/console/Symfony/Component/Console/Application.php(191): Symfony\Component\Console\Application->doRunCommand(Object(Illuminate\Database\Console\Migrations\MigrateCommand), Object(Symfony\Component\Console\Input\ArgvInput), Object(Symfony\Component\Console\Output\ConsoleOutput))
#16 /srv/http/alintilar/vendor/symfony/console/Symfony/Component/Console/Application.php(121): Symfony\Component\Console\Application->doRun(Object(Symfony\Component\Console\Input\ArgvInput), Object(Symfony\Component\Console\Output\ConsoleOutput))
#17 /srv/http/alintilar/artisan(59): Symfony\Component\Console\Application->run()
#18 {main} [] []
[2013-12-13 20:37:43] production.ERROR: exception 'Symfony\Component\Debug\Exception\FatalErrorException' with message 'Class 'Product' not found' in /srv/http/alintilar/app/routes.php:24
Stack trace:
#0 [internal function]: Illuminate\Exception\Handler->handleShutdown()
#1 {main} [] []
[2013-12-13 20:38:23] production.ERROR: exception 'Symfony\Component\Debug\Exception\FatalErrorException' with message 'Class 'Product' not found' in /srv/http/alintilar/app/routes.php:24
Stack trace:
#0 [internal function]: Illuminate\Exception\Handler->handleShutdown()
#1 {main} [] []
[2013-12-13 20:39:08] production.ERROR: exception 'Symfony\Component\Debug\Exception\FatalErrorException' with message 'Class 'Product' not found' in /srv/http/alintilar/app/routes.php:24
Stack trace:
#0 [internal function]: Illuminate\Exception\Handler->handleShutdown()
#1 {main} [] []
[2013-12-13 20:39:53] production.ERROR: exception 'Symfony\Component\Debug\Exception\FatalErrorException' with message 'Class 'Product' not found' in /srv/http/alintilar/app/routes.php:24
Stack trace:
#0 [internal function]: Illuminate\Exception\Handler->handleShutdown()
#1 {main} [] []
[2013-12-13 20:41:54] production.ERROR: exception 'Symfony\Component\Debug\Exception\FatalErrorException' with message 'Call to a member function associate() on a non-object' in /srv/http/alintilar/app/routes.php:26
Stack trace:
#0 [internal function]: Illuminate\Exception\Handler->handleShutdown()
#1 {main} [] []
[2013-12-13 20:42:01] production.ERROR: exception 'Symfony\Component\Debug\Exception\FatalErrorException' with message 'Call to a member function associate() on a non-object' in /srv/http/alintilar/app/routes.php:26
Stack trace:
#0 [internal function]: Illuminate\Exception\Handler->handleShutdown()
#1 {main} [] []
[2013-12-13 20:53:08] production.ERROR: exception 'Symfony\Component\HttpKernel\Exception\NotFoundHttpException' in /srv/http/alintilar/vendor/laravel/framework/src/Illuminate/Routing/RouteCollection.php:125
Stack trace:
#0 /srv/http/alintilar/vendor/laravel/framework/src/Illuminate/Routing/Router.php(985): Illuminate\Routing\RouteCollection->match(Object(Illuminate\Http\Request))
#1 /srv/http/alintilar/vendor/laravel/framework/src/Illuminate/Routing/Router.php(955): Illuminate\Routing\Router->findRoute(Object(Illuminate\Http\Request))
#2 /srv/http/alintilar/vendor/laravel/framework/src/Illuminate/Routing/Router.php(934): Illuminate\Routing\Router->dispatchToRoute(Object(Illuminate\Http\Request))
#3 /srv/http/alintilar/vendor/laravel/framework/src/Illuminate/Foundation/Application.php(677): Illuminate\Routing\Router->dispatch(Object(Illuminate\Http\Request))
#4 /srv/http/alintilar/vendor/laravel/framework/src/Illuminate/Foundation/Application.php(652): Illuminate\Foundation\Application->dispatch(Object(Illuminate\Http\Request))
#5 /srv/http/alintilar/vendor/laravel/framework/src/Illuminate/Http/FrameGuard.php(38): Illuminate\Foundation\Application->handle(Object(Illuminate\Http\Request), 1, true)
#6 /srv/http/alintilar/vendor/laravel/framework/src/Illuminate/Session/Middleware.php(58): Illuminate\Http\FrameGuard->handle(Object(Illuminate\Http\Request), 1, true)
#7 /srv/http/alintilar/vendor/laravel/framework/src/Illuminate/Cookie/Queue.php(47): Illuminate\Session\Middleware->handle(Object(Illuminate\Http\Request), 1, true)
#8 /srv/http/alintilar/vendor/laravel/framework/src/Illuminate/Cookie/Guard.php(51): Illuminate\Cookie\Queue->handle(Object(Illuminate\Http\Request), 1, true)
#9 /srv/http/alintilar/vendor/stack/builder/src/Stack/StackedHttpKernel.php(23): Illuminate\Cookie\Guard->handle(Object(Illuminate\Http\Request), 1, true)
#10 /srv/http/alintilar/vendor/laravel/framework/src/Illuminate/Foundation/Application.php(552): Stack\StackedHttpKernel->handle(Object(Illuminate\Http\Request))
#11 /srv/http/alintilar/public/index.php(49): Illuminate\Foundation\Application->run()
#12 {main} [] []
[2013-12-13 20:53:14] production.ERROR: exception 'Symfony\Component\HttpKernel\Exception\NotFoundHttpException' in /srv/http/alintilar/vendor/laravel/framework/src/Illuminate/Routing/RouteCollection.php:125
Stack trace:
#0 /srv/http/alintilar/vendor/laravel/framework/src/Illuminate/Routing/Router.php(985): Illuminate\Routing\RouteCollection->match(Object(Illuminate\Http\Request))
#1 /srv/http/alintilar/vendor/laravel/framework/src/Illuminate/Routing/Router.php(955): Illuminate\Routing\Router->findRoute(Object(Illuminate\Http\Request))
#2 /srv/http/alintilar/vendor/laravel/framework/src/Illuminate/Routing/Router.php(934): Illuminate\Routing\Router->dispatchToRoute(Object(Illuminate\Http\Request))
#3 /srv/http/alintilar/vendor/laravel/framework/src/Illuminate/Foundation/Application.php(677): Illuminate\Routing\Router->dispatch(Object(Illuminate\Http\Request))
#4 /srv/http/alintilar/vendor/laravel/framework/src/Illuminate/Foundation/Application.php(652): Illuminate\Foundation\Application->dispatch(Object(Illuminate\Http\Request))
#5 /srv/http/alintilar/vendor/laravel/framework/src/Illuminate/Http/FrameGuard.php(38): Illuminate\Foundation\Application->handle(Object(Illuminate\Http\Request), 1, true)
#6 /srv/http/alintilar/vendor/laravel/framework/src/Illuminate/Session/Middleware.php(58): Illuminate\Http\FrameGuard->handle(Object(Illuminate\Http\Request), 1, true)
#7 /srv/http/alintilar/vendor/laravel/framework/src/Illuminate/Cookie/Queue.php(47): Illuminate\Session\Middleware->handle(Object(Illuminate\Http\Request), 1, true)
#8 /srv/http/alintilar/vendor/laravel/framework/src/Illuminate/Cookie/Guard.php(51): Illuminate\Cookie\Queue->handle(Object(Illuminate\Http\Request), 1, true)
#9 /srv/http/alintilar/vendor/stack/builder/src/Stack/StackedHttpKernel.php(23): Illuminate\Cookie\Guard->handle(Object(Illuminate\Http\Request), 1, true)
#10 /srv/http/alintilar/vendor/laravel/framework/src/Illuminate/Foundation/Application.php(552): Stack\StackedHttpKernel->handle(Object(Illuminate\Http\Request))
#11 /srv/http/alintilar/public/index.php(49): Illuminate\Foundation\Application->run()
#12 {main} [] []
[2013-12-13 20:53:17] production.ERROR: exception 'Symfony\Component\HttpKernel\Exception\NotFoundHttpException' in /srv/http/alintilar/vendor/laravel/framework/src/Illuminate/Routing/RouteCollection.php:125
Stack trace:
#0 /srv/http/alintilar/vendor/laravel/framework/src/Illuminate/Routing/Router.php(985): Illuminate\Routing\RouteCollection->match(Object(Illuminate\Http\Request))
#1 /srv/http/alintilar/vendor/laravel/framework/src/Illuminate/Routing/Router.php(955): Illuminate\Routing\Router->findRoute(Object(Illuminate\Http\Request))
#2 /srv/http/alintilar/vendor/laravel/framework/src/Illuminate/Routing/Router.php(934): Illuminate\Routing\Router->dispatchToRoute(Object(Illuminate\Http\Request))
#3 /srv/http/alintilar/vendor/laravel/framework/src/Illuminate/Foundation/Application.php(677): Illuminate\Routing\Router->dispatch(Object(Illuminate\Http\Request))
#4 /srv/http/alintilar/vendor/laravel/framework/src/Illuminate/Foundation/Application.php(652): Illuminate\Foundation\Application->dispatch(Object(Illuminate\Http\Request))
#5 /srv/http/alintilar/vendor/laravel/framework/src/Illuminate/Http/FrameGuard.php(38): Illuminate\Foundation\Application->handle(Object(Illuminate\Http\Request), 1, true)
#6 /srv/http/alintilar/vendor/laravel/framework/src/Illuminate/Session/Middleware.php(58): Illuminate\Http\FrameGuard->handle(Object(Illuminate\Http\Request), 1, true)
#7 /srv/http/alintilar/vendor/laravel/framework/src/Illuminate/Cookie/Queue.php(47): Illuminate\Session\Middleware->handle(Object(Illuminate\Http\Request), 1, true)
#8 /srv/http/alintilar/vendor/laravel/framework/src/Illuminate/Cookie/Guard.php(51): Illuminate\Cookie\Queue->handle(Object(Illuminate\Http\Request), 1, true)
#9 /srv/http/alintilar/vendor/stack/builder/src/Stack/StackedHttpKernel.php(23): Illuminate\Cookie\Guard->handle(Object(Illuminate\Http\Request), 1, true)
#10 /srv/http/alintilar/vendor/laravel/framework/src/Illuminate/Foundation/Application.php(552): Stack\StackedHttpKernel->handle(Object(Illuminate\Http\Request))
#11 /srv/http/alintilar/public/index.php(49): Illuminate\Foundation\Application->run()
#12 {main} [] []
[2013-12-13 20:53:22] production.ERROR: exception 'Symfony\Component\HttpKernel\Exception\NotFoundHttpException' in /srv/http/alintilar/vendor/laravel/framework/src/Illuminate/Routing/RouteCollection.php:125
Stack trace:
#0 /srv/http/alintilar/vendor/laravel/framework/src/Illuminate/Routing/Router.php(985): Illuminate\Routing\RouteCollection->match(Object(Illuminate\Http\Request))
#1 /srv/http/alintilar/vendor/laravel/framework/src/Illuminate/Routing/Router.php(955): Illuminate\Routing\Router->findRoute(Object(Illuminate\Http\Request))
#2 /srv/http/alintilar/vendor/laravel/framework/src/Illuminate/Routing/Router.php(934): Illuminate\Routing\Router->dispatchToRoute(Object(Illuminate\Http\Request))
#3 /srv/http/alintilar/vendor/laravel/framework/src/Illuminate/Foundation/Application.php(677): Illuminate\Routing\Router->dispatch(Object(Illuminate\Http\Request))
#4 /srv/http/alintilar/vendor/laravel/framework/src/Illuminate/Foundation/Application.php(652): Illuminate\Foundation\Application->dispatch(Object(Illuminate\Http\Request))
#5 /srv/http/alintilar/vendor/laravel/framework/src/Illuminate/Http/FrameGuard.php(38): Illuminate\Foundation\Application->handle(Object(Illuminate\Http\Request), 1, true)
#6 /srv/http/alintilar/vendor/laravel/framework/src/Illuminate/Session/Middleware.php(58): Illuminate\Http\FrameGuard->handle(Object(Illuminate\Http\Request), 1, true)
#7 /srv/http/alintilar/vendor/laravel/framework/src/Illuminate/Cookie/Queue.php(47): Illuminate\Session\Middleware->handle(Object(Illuminate\Http\Request), 1, true)
#8 /srv/http/alintilar/vendor/laravel/framework/src/Illuminate/Cookie/Guard.php(51): Illuminate\Cookie\Queue->handle(Object(Illuminate\Http\Request), 1, true)
#9 /srv/http/alintilar/vendor/stack/builder/src/Stack/StackedHttpKernel.php(23): Illuminate\Cookie\Guard->handle(Object(Illuminate\Http\Request), 1, true)
#10 /srv/http/alintilar/vendor/laravel/framework/src/Illuminate/Foundation/Application.php(552): Stack\StackedHttpKernel->handle(Object(Illuminate\Http\Request))
#11 /srv/http/alintilar/public/index.php(49): Illuminate\Foundation\Application->run()
#12 {main} [] []
[2013-12-13 20:53:39] production.ERROR: exception 'Symfony\Component\HttpKernel\Exception\NotFoundHttpException' in /srv/http/alintilar/vendor/laravel/framework/src/Illuminate/Routing/RouteCollection.php:125
Stack trace:
#0 /srv/http/alintilar/vendor/laravel/framework/src/Illuminate/Routing/Router.php(985): Illuminate\Routing\RouteCollection->match(Object(Illuminate\Http\Request))
#1 /srv/http/alintilar/vendor/laravel/framework/src/Illuminate/Routing/Router.php(955): Illuminate\Routing\Router->findRoute(Object(Illuminate\Http\Request))
#2 /srv/http/alintilar/vendor/laravel/framework/src/Illuminate/Routing/Router.php(934): Illuminate\Routing\Router->dispatchToRoute(Object(Illuminate\Http\Request))
#3 /srv/http/alintilar/vendor/laravel/framework/src/Illuminate/Foundation/Application.php(677): Illuminate\Routing\Router->dispatch(Object(Illuminate\Http\Request))
#4 /srv/http/alintilar/vendor/laravel/framework/src/Illuminate/Foundation/Application.php(652): Illuminate\Foundation\Application->dispatch(Object(Illuminate\Http\Request))
#5 /srv/http/alintilar/vendor/laravel/framework/src/Illuminate/Http/FrameGuard.php(38): Illuminate\Foundation\Application->handle(Object(Illuminate\Http\Request), 1, true)
#6 /srv/http/alintilar/vendor/laravel/framework/src/Illuminate/Session/Middleware.php(58): Illuminate\Http\FrameGuard->handle(Object(Illuminate\Http\Request), 1, true)
#7 /srv/http/alintilar/vendor/laravel/framework/src/Illuminate/Cookie/Queue.php(47): Illuminate\Session\Middleware->handle(Object(Illuminate\Http\Request), 1, true)
#8 /srv/http/alintilar/vendor/laravel/framework/src/Illuminate/Cookie/Guard.php(51): Illuminate\Cookie\Queue->handle(Object(Illuminate\Http\Request), 1, true)
#9 /srv/http/alintilar/vendor/stack/builder/src/Stack/StackedHttpKernel.php(23): Illuminate\Cookie\Guard->handle(Object(Illuminate\Http\Request), 1, true)
#10 /srv/http/alintilar/vendor/laravel/framework/src/Illuminate/Foundation/Application.php(552): Stack\StackedHttpKernel->handle(Object(Illuminate\Http\Request))
#11 /srv/http/alintilar/public/index.php(49): Illuminate\Foundation\Application->run()
#12 {main} [] []
[2013-12-13 20:53:41] production.ERROR: exception 'Symfony\Component\HttpKernel\Exception\NotFoundHttpException' in /srv/http/alintilar/vendor/laravel/framework/src/Illuminate/Routing/RouteCollection.php:125
Stack trace:
#0 /srv/http/alintilar/vendor/laravel/framework/src/Illuminate/Routing/Router.php(985): Illuminate\Routing\RouteCollection->match(Object(Illuminate\Http\Request))
#1 /srv/http/alintilar/vendor/laravel/framework/src/Illuminate/Routing/Router.php(955): Illuminate\Routing\Router->findRoute(Object(Illuminate\Http\Request))
#2 /srv/http/alintilar/vendor/laravel/framework/src/Illuminate/Routing/Router.php(934): Illuminate\Routing\Router->dispatchToRoute(Object(Illuminate\Http\Request))
#3 /srv/http/alintilar/vendor/laravel/framework/src/Illuminate/Foundation/Application.php(677): Illuminate\Routing\Router->dispatch(Object(Illuminate\Http\Request))
#4 /srv/http/alintilar/vendor/laravel/framework/src/Illuminate/Foundation/Application.php(652): Illuminate\Foundation\Application->dispatch(Object(Illuminate\Http\Request))
#5 /srv/http/alintilar/vendor/laravel/framework/src/Illuminate/Http/FrameGuard.php(38): Illuminate\Foundation\Application->handle(Object(Illuminate\Http\Request), 1, true)
#6 /srv/http/alintilar/vendor/laravel/framework/src/Illuminate/Session/Middleware.php(58): Illuminate\Http\FrameGuard->handle(Object(Illuminate\Http\Request), 1, true)
#7 /srv/http/alintilar/vendor/laravel/framework/src/Illuminate/Cookie/Queue.php(47): Illuminate\Session\Middleware->handle(Object(Illuminate\Http\Request), 1, true)
#8 /srv/http/alintilar/vendor/laravel/framework/src/Illuminate/Cookie/Guard.php(51): Illuminate\Cookie\Queue->handle(Object(Illuminate\Http\Request), 1, true)
#9 /srv/http/alintilar/vendor/stack/builder/src/Stack/StackedHttpKernel.php(23): Illuminate\Cookie\Guard->handle(Object(Illuminate\Http\Request), 1, true)
#10 /srv/http/alintilar/vendor/laravel/framework/src/Illuminate/Foundation/Application.php(552): Stack\StackedHttpKernel->handle(Object(Illuminate\Http\Request))
#11 /srv/http/alintilar/public/index.php(49): Illuminate\Foundation\Application->run()
#12 {main} [] []
[2013-12-13 20:53:44] production.ERROR: exception 'Symfony\Component\HttpKernel\Exception\NotFoundHttpException' in /srv/http/alintilar/vendor/laravel/framework/src/Illuminate/Routing/RouteCollection.php:125
Stack trace:
#0 /srv/http/alintilar/vendor/laravel/framework/src/Illuminate/Routing/Router.php(985): Illuminate\Routing\RouteCollection->match(Object(Illuminate\Http\Request))
#1 /srv/http/alintilar/vendor/laravel/framework/src/Illuminate/Routing/Router.php(955): Illuminate\Routing\Router->findRoute(Object(Illuminate\Http\Request))
#2 /srv/http/alintilar/vendor/laravel/framework/src/Illuminate/Routing/Router.php(934): Illuminate\Routing\Router->dispatchToRoute(Object(Illuminate\Http\Request))
#3 /srv/http/alintilar/vendor/laravel/framework/src/Illuminate/Foundation/Application.php(677): Illuminate\Routing\Router->dispatch(Object(Illuminate\Http\Request))
#4 /srv/http/alintilar/vendor/laravel/framework/src/Illuminate/Foundation/Application.php(652): Illuminate\Foundation\Application->dispatch(Object(Illuminate\Http\Request))
#5 /srv/http/alintilar/vendor/laravel/framework/src/Illuminate/Http/FrameGuard.php(38): Illuminate\Foundation\Application->handle(Object(Illuminate\Http\Request), 1, true)
#6 /srv/http/alintilar/vendor/laravel/framework/src/Illuminate/Session/Middleware.php(58): Illuminate\Http\FrameGuard->handle(Object(Illuminate\Http\Request), 1, true)
#7 /srv/http/alintilar/vendor/laravel/framework/src/Illuminate/Cookie/Queue.php(47): Illuminate\Session\Middleware->handle(Object(Illuminate\Http\Request), 1, true)
#8 /srv/http/alintilar/vendor/laravel/framework/src/Illuminate/Cookie/Guard.php(51): Illuminate\Cookie\Queue->handle(Object(Illuminate\Http\Request), 1, true)
#9 /srv/http/alintilar/vendor/stack/builder/src/Stack/StackedHttpKernel.php(23): Illuminate\Cookie\Guard->handle(Object(Illuminate\Http\Request), 1, true)
#10 /srv/http/alintilar/vendor/laravel/framework/src/Illuminate/Foundation/Application.php(552): Stack\StackedHttpKernel->handle(Object(Illuminate\Http\Request))
#11 /srv/http/alintilar/public/index.php(49): Illuminate\Foundation\Application->run()
#12 {main} [] []
[2013-12-13 20:54:06] production.ERROR: exception 'Symfony\Component\HttpKernel\Exception\NotFoundHttpException' in /srv/http/alintilar/vendor/laravel/framework/src/Illuminate/Routing/RouteCollection.php:125
Stack trace:
#0 /srv/http/alintilar/vendor/laravel/framework/src/Illuminate/Routing/Router.php(985): Illuminate\Routing\RouteCollection->match(Object(Illuminate\Http\Request))
#1 /srv/http/alintilar/vendor/laravel/framework/src/Illuminate/Routing/Router.php(955): Illuminate\Routing\Router->findRoute(Object(Illuminate\Http\Request))
#2 /srv/http/alintilar/vendor/laravel/framework/src/Illuminate/Routing/Router.php(934): Illuminate\Routing\Router->dispatchToRoute(Object(Illuminate\Http\Request))
#3 /srv/http/alintilar/vendor/laravel/framework/src/Illuminate/Foundation/Application.php(677): Illuminate\Routing\Router->dispatch(Object(Illuminate\Http\Request))
#4 /srv/http/alintilar/vendor/laravel/framework/src/Illuminate/Foundation/Application.php(652): Illuminate\Foundation\Application->dispatch(Object(Illuminate\Http\Request))
#5 /srv/http/alintilar/vendor/laravel/framework/src/Illuminate/Http/FrameGuard.php(38): Illuminate\Foundation\Application->handle(Object(Illuminate\Http\Request), 1, true)
#6 /srv/http/alintilar/vendor/laravel/framework/src/Illuminate/Session/Middleware.php(58): Illuminate\Http\FrameGuard->handle(Object(Illuminate\Http\Request), 1, true)
#7 /srv/http/alintilar/vendor/laravel/framework/src/Illuminate/Cookie/Queue.php(47): Illuminate\Session\Middleware->handle(Object(Illuminate\Http\Request), 1, true)
#8 /srv/http/alintilar/vendor/laravel/framework/src/Illuminate/Cookie/Guard.php(51): Illuminate\Cookie\Queue->handle(Object(Illuminate\Http\Request), 1, true)
#9 /srv/http/alintilar/vendor/stack/builder/src/Stack/StackedHttpKernel.php(23): Illuminate\Cookie\Guard->handle(Object(Illuminate\Http\Request), 1, true)
#10 /srv/http/alintilar/vendor/laravel/framework/src/Illuminate/Foundation/Application.php(552): Stack\StackedHttpKernel->handle(Object(Illuminate\Http\Request))
#11 /srv/http/alintilar/public/index.php(49): Illuminate\Foundation\Application->run()
#12 {main} [] []
[2013-12-13 20:54:12] production.ERROR: exception 'Symfony\Component\HttpKernel\Exception\NotFoundHttpException' in /srv/http/alintilar/vendor/laravel/framework/src/Illuminate/Routing/RouteCollection.php:125
Stack trace:
#0 /srv/http/alintilar/vendor/laravel/framework/src/Illuminate/Routing/Router.php(985): Illuminate\Routing\RouteCollection->match(Object(Illuminate\Http\Request))
#1 /srv/http/alintilar/vendor/laravel/framework/src/Illuminate/Routing/Router.php(955): Illuminate\Routing\Router->findRoute(Object(Illuminate\Http\Request))
#2 /srv/http/alintilar/vendor/laravel/framework/src/Illuminate/Routing/Router.php(934): Illuminate\Routing\Router->dispatchToRoute(Object(Illuminate\Http\Request))
#3 /srv/http/alintilar/vendor/laravel/framework/src/Illuminate/Foundation/Application.php(677): Illuminate\Routing\Router->dispatch(Object(Illuminate\Http\Request))
#4 /srv/http/alintilar/vendor/laravel/framework/src/Illuminate/Foundation/Application.php(652): Illuminate\Foundation\Application->dispatch(Object(Illuminate\Http\Request))
#5 /srv/http/alintilar/vendor/laravel/framework/src/Illuminate/Http/FrameGuard.php(38): Illuminate\Foundation\Application->handle(Object(Illuminate\Http\Request), 1, true)
#6 /srv/http/alintilar/vendor/laravel/framework/src/Illuminate/Session/Middleware.php(58): Illuminate\Http\FrameGuard->handle(Object(Illuminate\Http\Request), 1, true)
#7 /srv/http/alintilar/vendor/laravel/framework/src/Illuminate/Cookie/Queue.php(47): Illuminate\Session\Middleware->handle(Object(Illuminate\Http\Request), 1, true)
#8 /srv/http/alintilar/vendor/laravel/framework/src/Illuminate/Cookie/Guard.php(51): Illuminate\Cookie\Queue->handle(Object(Illuminate\Http\Request), 1, true)
#9 /srv/http/alintilar/vendor/stack/builder/src/Stack/StackedHttpKernel.php(23): Illuminate\Cookie\Guard->handle(Object(Illuminate\Http\Request), 1, true)
#10 /srv/http/alintilar/vendor/laravel/framework/src/Illuminate/Foundation/Application.php(552): Stack\StackedHttpKernel->handle(Object(Illuminate\Http\Request))
#11 /srv/http/alintilar/public/index.php(49): Illuminate\Foundation\Application->run()
#12 {main} [] []
[2013-12-13 21:06:43] production.ERROR: exception 'Symfony\Component\HttpKernel\Exception\NotFoundHttpException' in /srv/http/alintilar/vendor/laravel/framework/src/Illuminate/Routing/RouteCollection.php:125
Stack trace:
#0 /srv/http/alintilar/vendor/laravel/framework/src/Illuminate/Routing/Router.php(985): Illuminate\Routing\RouteCollection->match(Object(Illuminate\Http\Request))
#1 /srv/http/alintilar/vendor/laravel/framework/src/Illuminate/Routing/Router.php(955): Illuminate\Routing\Router->findRoute(Object(Illuminate\Http\Request))
#2 /srv/http/alintilar/vendor/laravel/framework/src/Illuminate/Routing/Router.php(934): Illuminate\Routing\Router->dispatchToRoute(Object(Illuminate\Http\Request))
#3 /srv/http/alintilar/vendor/laravel/framework/src/Illuminate/Foundation/Application.php(677): Illuminate\Routing\Router->dispatch(Object(Illuminate\Http\Request))
#4 /srv/http/alintilar/vendor/laravel/framework/src/Illuminate/Foundation/Application.php(652): Illuminate\Foundation\Application->dispatch(Object(Illuminate\Http\Request))
#5 /srv/http/alintilar/vendor/laravel/framework/src/Illuminate/Http/FrameGuard.php(38): Illuminate\Foundation\Application->handle(Object(Illuminate\Http\Request), 1, true)
#6 /srv/http/alintilar/vendor/laravel/framework/src/Illuminate/Session/Middleware.php(58): Illuminate\Http\FrameGuard->handle(Object(Illuminate\Http\Request), 1, true)
#7 /srv/http/alintilar/vendor/laravel/framework/src/Illuminate/Cookie/Queue.php(47): Illuminate\Session\Middleware->handle(Object(Illuminate\Http\Request), 1, true)
#8 /srv/http/alintilar/vendor/laravel/framework/src/Illuminate/Cookie/Guard.php(51): Illuminate\Cookie\Queue->handle(Object(Illuminate\Http\Request), 1, true)
#9 /srv/http/alintilar/vendor/stack/builder/src/Stack/StackedHttpKernel.php(23): Illuminate\Cookie\Guard->handle(Object(Illuminate\Http\Request), 1, true)
#10 /srv/http/alintilar/vendor/laravel/framework/src/Illuminate/Foundation/Application.php(552): Stack\StackedHttpKernel->handle(Object(Illuminate\Http\Request))
#11 /srv/http/alintilar/public/index.php(49): Illuminate\Foundation\Application->run()
#12 {main} [] []
[2013-12-13 21:06:45] production.ERROR: exception 'ErrorException' with message 'Trying to get property of non-object' in /srv/http/alintilar/app/routes.php:48
Stack trace:
#0 /srv/http/alintilar/app/routes.php(48): Illuminate\Exception\Handler->handleError(8, 'Trying to get p...', '/srv/http/alint...', 48, Array)
#1 [internal function]: {closure}('13')
#2 /srv/http/alintilar/vendor/laravel/framework/src/Illuminate/Routing/Route.php(118): call_user_func_array(Object(Closure), Array)
#3 /srv/http/alintilar/vendor/laravel/framework/src/Illuminate/Routing/Router.php(964): Illuminate\Routing\Route->run(Object(Illuminate\Http\Request))
#4 /srv/http/alintilar/vendor/laravel/framework/src/Illuminate/Routing/Router.php(934): Illuminate\Routing\Router->dispatchToRoute(Object(Illuminate\Http\Request))
#5 /srv/http/alintilar/vendor/laravel/framework/src/Illuminate/Foundation/Application.php(677): Illuminate\Routing\Router->dispatch(Object(Illuminate\Http\Request))
#6 /srv/http/alintilar/vendor/laravel/framework/src/Illuminate/Foundation/Application.php(652): Illuminate\Foundation\Application->dispatch(Object(Illuminate\Http\Request))
#7 /srv/http/alintilar/vendor/laravel/framework/src/Illuminate/Http/FrameGuard.php(38): Illuminate\Foundation\Application->handle(Object(Illuminate\Http\Request), 1, true)
#8 /srv/http/alintilar/vendor/laravel/framework/src/Illuminate/Session/Middleware.php(58): Illuminate\Http\FrameGuard->handle(Object(Illuminate\Http\Request), 1, true)
#9 /srv/http/alintilar/vendor/laravel/framework/src/Illuminate/Cookie/Queue.php(47): Illuminate\Session\Middleware->handle(Object(Illuminate\Http\Request), 1, true)
#10 /srv/http/alintilar/vendor/laravel/framework/src/Illuminate/Cookie/Guard.php(51): Illuminate\Cookie\Queue->handle(Object(Illuminate\Http\Request), 1, true)
#11 /srv/http/alintilar/vendor/stack/builder/src/Stack/StackedHttpKernel.php(23): Illuminate\Cookie\Guard->handle(Object(Illuminate\Http\Request), 1, true)
#12 /srv/http/alintilar/vendor/laravel/framework/src/Illuminate/Foundation/Application.php(552): Stack\StackedHttpKernel->handle(Object(Illuminate\Http\Request))
#13 /srv/http/alintilar/public/index.php(49): Illuminate\Foundation\Application->run()
#14 {main} [] []
[2013-12-14 01:09:43] production.ERROR: exception 'Symfony\Component\Debug\Exception\FatalErrorException' with message 'Call to undefined method Illuminate\Routing\Controller::detect()' in /srv/http/alintilar/app/routes.php:16
Stack trace:
#0 [internal function]: Illuminate\Exception\Handler->handleShutdown()
#1 {main} [] []
[2013-12-14 01:18:47] production.ERROR: exception 'Symfony\Component\HttpKernel\Exception\NotFoundHttpException' in /srv/http/alintilar/vendor/laravel/framework/src/Illuminate/Routing/Router.php:1132
Stack trace:
#0 [internal function]: Illuminate\Routing\Router->Illuminate\Routing\{closure}('2', Object(Illuminate\Routing\Route))
#1 /srv/http/alintilar/vendor/laravel/framework/src/Illuminate/Routing/Router.php(1019): call_user_func(Object(Closure), '2', Object(Illuminate\Routing\Route))
#2 /srv/http/alintilar/vendor/laravel/framework/src/Illuminate/Routing/Router.php(1002): Illuminate\Routing\Router->performBinding('quote', '2', Object(Illuminate\Routing\Route))
#3 /srv/http/alintilar/vendor/laravel/framework/src/Illuminate/Routing/Router.php(987): Illuminate\Routing\Router->substituteBindings(Object(Illuminate\Routing\Route))
#4 /srv/http/alintilar/vendor/laravel/framework/src/Illuminate/Routing/Router.php(955): Illuminate\Routing\Router->findRoute(Object(Illuminate\Http\Request))
#5 /srv/http/alintilar/vendor/laravel/framework/src/Illuminate/Routing/Router.php(934): Illuminate\Routing\Router->dispatchToRoute(Object(Illuminate\Http\Request))
#6 /srv/http/alintilar/vendor/laravel/framework/src/Illuminate/Foundation/Application.php(677): Illuminate\Routing\Router->dispatch(Object(Illuminate\Http\Request))
#7 /srv/http/alintilar/vendor/laravel/framework/src/Illuminate/Foundation/Application.php(652): Illuminate\Foundation\Application->dispatch(Object(Illuminate\Http\Request))
#8 /srv/http/alintilar/vendor/laravel/framework/src/Illuminate/Http/FrameGuard.php(38): Illuminate\Foundation\Application->handle(Object(Illuminate\Http\Request), 1, true)
#9 /srv/http/alintilar/vendor/laravel/framework/src/Illuminate/Session/Middleware.php(58): Illuminate\Http\FrameGuard->handle(Object(Illuminate\Http\Request), 1, true)
#10 /srv/http/alintilar/vendor/laravel/framework/src/Illuminate/Cookie/Queue.php(47): Illuminate\Session\Middleware->handle(Object(Illuminate\Http\Request), 1, true)
#11 /srv/http/alintilar/vendor/laravel/framework/src/Illuminate/Cookie/Guard.php(51): Illuminate\Cookie\Queue->handle(Object(Illuminate\Http\Request), 1, true)
#12 /srv/http/alintilar/vendor/stack/builder/src/Stack/StackedHttpKernel.php(23): Illuminate\Cookie\Guard->handle(Object(Illuminate\Http\Request), 1, true)
#13 /srv/http/alintilar/vendor/laravel/framework/src/Illuminate/Foundation/Application.php(552): Stack\StackedHttpKernel->handle(Object(Illuminate\Http\Request))
#14 /srv/http/alintilar/public/index.php(49): Illuminate\Foundation\Application->run()
#15 {main} [] []
